[debug] [2024-05-22T04:21:26.062Z] ----------------------------------------------------------------------
[debug] [2024-05-22T04:21:26.063Z] Command:       C:\Program Files\nodejs\node.exe C:\Users\Hamail Farooqui\AppData\Roaming\npm\node_modules\firebase-tools\lib\bin\firebase.js init
[debug] [2024-05-22T04:21:26.064Z] CLI Version:   13.10.0
[debug] [2024-05-22T04:21:26.064Z] Platform:      win32
[debug] [2024-05-22T04:21:26.064Z] Node Version:  v18.12.1
[debug] [2024-05-22T04:21:26.065Z] Time:          Wed May 22 2024 09:21:26 GMT+0500 (Pakistan Standard Time)
[debug] [2024-05-22T04:21:26.065Z] ----------------------------------------------------------------------
[debug] 
[debug] [2024-05-22T04:21:26.075Z] > command requires scopes: ["email","openid","https://www.googleapis.com/auth/cloudplatformprojects.readonly","https://www.googleapis.com/auth/firebase","https://www.googleapis.com/auth/cloud-platform"]
[debug] [2024-05-22T04:21:26.076Z] > authorizing via signed-in user (201282@students.au.edu.pk)
[info] 
     ######## #### ########  ######## ########     ###     ######  ########
     ##        ##  ##     ## ##       ##     ##  ##   ##  ##       ##
     ######    ##  ########  ######   ########  #########  ######  ######
     ##        ##  ##    ##  ##       ##     ## ##     ##       ## ##
     ##       #### ##     ## ######## ########  ##     ##  ######  ########

You're about to initialize a Firebase project in this directory:

  C:\Users\Hamail Farooqui\Downloads\shiftus_admin

[info] 
=== Project Setup
[info] 
[info] First, let's associate this project directory with a Firebase project.
[info] You can create multiple project aliases by running firebase use --add, 
[info] but for now we'll just set up a default project.
[info] 
[debug] [2024-05-22T04:21:50.242Z] > refreshing access token with scopes: []
[debug] [2024-05-22T04:21:50.246Z] >>> [apiv2][query] POST https://www.googleapis.com/oauth2/v3/token [none]
[debug] [2024-05-22T04:21:50.246Z] >>> [apiv2][body] POST https://www.googleapis.com/oauth2/v3/token [omitted]
[debug] [2024-05-22T04:21:50.846Z] <<< [apiv2][status] POST https://www.googleapis.com/oauth2/v3/token 200
[debug] [2024-05-22T04:21:50.846Z] <<< [apiv2][body] POST https://www.googleapis.com/oauth2/v3/token [omitted]
[debug] [2024-05-22T04:21:50.856Z] >>> [apiv2][query] GET https://firebase.googleapis.com/v1beta1/projects pageSize=100
[debug] [2024-05-22T04:21:51.827Z] <<< [apiv2][status] GET https://firebase.googleapis.com/v1beta1/projects 200
[debug] [2024-05-22T04:21:51.827Z] <<< [apiv2][body] GET https://firebase.googleapis.com/v1beta1/projects [omitted]
[info] i  Using project shiftus-ac06c (SHIFTus) 
[info] 
=== Hosting Setup
[debug] [2024-05-22T04:21:54.987Z] >>> [apiv2][query] GET https://firebase.googleapis.com/v1beta1/projects/shiftus-ac06c [none]
[debug] [2024-05-22T04:21:55.632Z] <<< [apiv2][status] GET https://firebase.googleapis.com/v1beta1/projects/shiftus-ac06c 200
[debug] [2024-05-22T04:21:55.632Z] <<< [apiv2][body] GET https://firebase.googleapis.com/v1beta1/projects/shiftus-ac06c {"projectId":"shiftus-ac06c","projectNumber":"847719498318","displayName":"SHIFTus","name":"projects/shiftus-ac06c","resources":{"hostingSite":"shiftus-ac06c","realtimeDatabaseInstance":"shiftus-ac06c-default-rtdb"},"state":"ACTIVE","etag":"1_d69c4bcb-79d7-4ce7-ae1d-f8c152fd258e"}
[info] 
[info] Your public directory is the folder (relative to your project directory) that
[info] will contain Hosting assets to be uploaded with firebase deploy. If you
[info] have a build process for your assets, use your build's output directory.
[info] 
[debug] [2024-05-22T04:23:36.790Z] >>> [apiv2][query] GET https://www.gstatic.com/firebasejs/releases.json [none]
[debug] [2024-05-22T04:23:37.162Z] <<< [apiv2][status] GET https://www.gstatic.com/firebasejs/releases.json 200
[debug] [2024-05-22T04:23:37.162Z] <<< [apiv2][body] GET https://www.gstatic.com/firebasejs/releases.json {"current":{"version":"10.12.1","browserURL":"https://www.gstatic.com/firebasejs/10.12.1/firebase.js","packageURL":"https://www.gstatic.com/firebasejs/10.12.1/firebase.tgz"},"live":{"version":"10.12","browserURL":"https://www.gstatic.com/firebasejs/live/10.12/firebase.js","packageURL":"https://www.gstatic.com/firebasejs/live/10.12/firebase.tgz"},"components":{"analytics":"https://www.gstatic.com/firebasejs/10.12.1/firebase-analytics.js","app":"https://www.gstatic.com/firebasejs/10.12.1/firebase-app.js","app-check":"https://www.gstatic.com/firebasejs/10.12.1/firebase-app-check.js","auth":"https://www.gstatic.com/firebasejs/10.12.1/firebase-auth.js","auth/cordova":"https://www.gstatic.com/firebasejs/10.12.1/firebase-auth/cordova.js","auth/web-extension":"https://www.gstatic.com/firebasejs/10.12.1/firebase-auth/web-extension.js","functions":"https://www.gstatic.com/firebasejs/10.12.1/firebase-functions.js","firestore":"https://www.gstatic.com/firebasejs/10.12.1/firebase-firestore.js","firestore/lite":"https://www.gstatic.com/firebasejs/10.12.1/firebase-firestore/lite.js","installations":"https://www.gstatic.com/firebasejs/10.12.1/firebase-installations.js","storage":"https://www.gstatic.com/firebasejs/10.12.1/firebase-storage.js","performance":"https://www.gstatic.com/firebasejs/10.12.1/firebase-performance.js","remote-config":"https://www.gstatic.com/firebasejs/10.12.1/firebase-remote-config.js","messaging":"https://www.gstatic.com/firebasejs/10.12.1/firebase-messaging.js","messaging/sw":"https://www.gstatic.com/firebasejs/10.12.1/firebase-messaging/sw.js","database":"https://www.gstatic.com/firebasejs/10.12.1/firebase-database.js","vertexai-preview":"https://www.gstatic.com/firebasejs/10.12.1/firebase-vertexai-preview.js","firestore.memory":"https://www.gstatic.com/firebasejs/10.12.1/firebase-firestore.memory.js"}}
[info] +  Wrote build/web/index.html 
[info] 
[info] i  Didn't detect a .git folder. Assuming C:\Users\Hamail Farooqui\Downloads\shiftus_admin is the project root. 
[info] i  Authorizing with GitHub to upload your service account to a GitHub repository's secrets store. 
[info] 
[info] Visit this URL on this device to log in:
[info] https://github.com/login/oauth/authorize?client_id=89cf50f02ac6aaed3484&state=229388414&redirect_uri=http%3A%2F%2Flocalhost%3A9005&scope=read%3Auser%20repo%20public_repo
[info] 
[info] Waiting for authentication...
[debug] [2024-05-22T04:24:21.244Z] >>> [apiv2][query] POST https://github.com/login/oauth/access_token [none]
[debug] [2024-05-22T04:24:21.245Z] >>> [apiv2][body] POST https://github.com/login/oauth/access_token [stream]
[debug] [2024-05-22T04:24:22.305Z] <<< [apiv2][status] POST https://github.com/login/oauth/access_token 200
[debug] [2024-05-22T04:24:22.306Z] <<< [apiv2][body] POST https://github.com/login/oauth/access_token {"access_token":"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","token_type":"bearer","scope":"read:user,repo"}
[debug] [2024-05-22T04:24:22.314Z] >>> [apiv2][query] GET https://api.github.com/user [none]
[debug] [2024-05-22T04:24:23.172Z] <<< [apiv2][status] GET https://api.github.com/user 200
[debug] [2024-05-22T04:24:23.172Z] <<< [apiv2][body] GET https://api.github.com/user {"login":"Hamailfarooqui","id":66178186,"node_id":"MDQ6VXNlcjY2MTc4MTg2","avatar_url":"https://avatars.githubusercontent.com/u/66178186?v=4","gravatar_id":"","url":"https://api.github.com/users/Hamailfarooqui","html_url":"https://github.com/Hamailfarooqui","followers_url":"https://api.github.com/users/Hamailfarooqui/followers","following_url":"https://api.github.com/users/Hamailfarooqui/following{/other_user}","gists_url":"https://api.github.com/users/Hamailfarooqui/gists{/gist_id}","starred_url":"https://api.github.com/users/Hamailfarooqui/starred{/owner}{/repo}","subscriptions_url":"https://api.github.com/users/Hamailfarooqui/subscriptions","organizations_url":"https://api.github.com/users/Hamailfarooqui/orgs","repos_url":"https://api.github.com/users/Hamailfarooqui/repos","events_url":"https://api.github.com/users/Hamailfarooqui/events{/privacy}","received_events_url":"https://api.github.com/users/Hamailfarooqui/received_events","type":"User","site_admin":false,"name":"Hamail Farooqui","company":null,"blog":"","location":null,"email":null,"hireable":null,"bio":"Software Engineer","twitter_username":null,"public_repos":9,"public_gists":0,"followers":0,"following":1,"created_at":"2020-05-30T17:23:53Z","updated_at":"2024-05-22T04:24:14Z","private_gists":0,"total_private_repos":4,"owned_private_repos":4,"disk_usage":41330,"collaborators":0,"two_factor_authentication":false,"plan":{"name":"free","space":976562499,"collaborators":0,"private_repos":10000}}
[info] 
[info] +  Success! Logged into GitHub as Hamailfarooqui 
[info] 
